
=================>
2012-07-01 12:58:23,203 @ [OperatingManagement.Framework.Core.AspNetException]:
System.Web.HttpUnhandledException (0x80004005): 引发类型为“System.Web.HttpUnhandledException”的异常。 ---> OperatingManagement.Framework.Core.AspNetException: 实验程序列表页面搜索出现异常，异常原因 ---> System.InvalidCastException: 无法将类型为“System.Web.UI.WebControls.TextBox”的对象强制转换为类型“System.IConvertible”。
   在 System.Convert.ToDateTime(Object value)
   在 OperatingManagement.Web.Views.PlanManage.ExperimentProgramList.BindGridView(Boolean fromSearch) 位置 D:\Project\HTC\trunk\OperatingManagement\Web\Views\PlanManage\ExperimentProgramList.aspx.cs:行号 68
   在 OperatingManagement.Web.Views.PlanManage.ExperimentProgramList.btnSearch_Click(Object sender, EventArgs e) 位置 D:\Project\HTC\trunk\OperatingManagement\Web\Views\PlanManage\ExperimentProgramList.aspx.cs:行号 39
   --- 内部异常堆栈跟踪的结尾 ---
   在 OperatingManagement.Web.Views.PlanManage.ExperimentProgramList.btnSearch_Click(Object sender, EventArgs e) 位置 D:\Project\HTC\trunk\OperatingManagement\Web\Views\PlanManage\ExperimentProgramList.aspx.cs:行号 43
   在 System.Web.UI.WebControls.Button.OnClick(EventArgs e)
   在 System.Web.UI.WebControls.Button.RaisePostBackEvent(String eventArgument)
   在 System.Web.UI.WebControls.Button.System.Web.UI.IPostBackEventHandler.RaisePostBackEvent(String eventArgument)
   在 System.Web.UI.Page.RaisePostBackEvent(IPostBackEventHandler sourceControl, String eventArgument)
   在 System.Web.UI.Page.RaisePostBackEvent(NameValueCollection postData)
   在 System.Web.UI.Page.ProcessRequestMain(Boolean includeStagesBeforeAsyncPoint, Boolean includeStagesAfterAsyncPoint)   在 OperatingManagement.Web.Views.PlanManage.ExperimentProgramList.btnSearch_Click(Object sender, EventArgs e) 位置 D:\Project\HTC\trunk\OperatingManagement\Web\Views\PlanManage\ExperimentProgramList.aspx.cs:行号 43
   在 System.Web.UI.WebControls.Button.OnClick(EventArgs e)
   在 System.Web.UI.WebControls.Button.RaisePostBackEvent(String eventArgument)
   在 System.Web.UI.WebControls.Button.System.Web.UI.IPostBackEventHandler.RaisePostBackEvent(String eventArgument)
   在 System.Web.UI.Page.RaisePostBackEvent(IPostBackEventHandler sourceControl, String eventArgument)
   在 System.Web.UI.Page.RaisePostBackEvent(NameValueCollection postData)
   在 System.Web.UI.Page.ProcessRequestMain(Boolean includeStagesBeforeAsyncPoint, Boolean includeStagesAfterAsyncPoint)
   在 System.Web.UI.Page.HandleError(Exception e)
   在 System.Web.UI.Page.ProcessRequestMain(Boolean includeStagesBeforeAsyncPoint, Boolean includeStagesAfterAsyncPoint)
   在 System.Web.UI.Page.ProcessRequest(Boolean includeStagesBeforeAsyncPoint, Boolean includeStagesAfterAsyncPoint)
   在 System.Web.UI.Page.ProcessRequest()
   在 System.Web.UI.Page.ProcessRequestWithNoAssert(HttpContext context)
   在 System.Web.UI.Page.ProcessRequest(HttpContext context)
   在 ASP.views_planmanage_experimentprogramlist_aspx.ProcessRequest(HttpContext context) 位置 c:\Windows\Microsoft.NET\Framework\v4.0.30319\Temporary ASP.NET Files\root\3f1d351a\50383193\App_Web_experimentprogramlist.aspx.484a0ba8.ybqp8xef.0.cs:行号 0
   在 System.Web.HttpApplication.CallHandlerExecutionStep.System.Web.HttpApplication.IExecutionStep.Execute()
   在 System.Web.HttpApplication.ExecuteStep(IExecutionStep step, Boolean& completedSynchronously)
OperatingManagement.Framework.Core.AspNetException: System.Web.HttpUnhandledException (0x80004005): 引发类型为“System.Web.HttpUnhandledException”的异常。 ---> OperatingManagement.Framework.Core.AspNetException: 实验程序列表页面搜索出现异常，异常原因 ---> System.InvalidCastException: 无法将类型为“System.Web.UI.WebControls.TextBox”的对象强制转换为类型“System.IConvertible”。
   在 System.Convert.ToDateTime(Object value)
   在 OperatingManagement.Web.Views.PlanManage.ExperimentProgramList.BindGridView(Boolean fromSearch) 位置 D:\Project\HTC\trunk\OperatingManagement\Web\Views\PlanManage\ExperimentProgramList.aspx.cs:行号 68
   在 OperatingManagement.Web.Views.PlanManage.ExperimentProgramList.btnSearch_Click(Object sender, EventArgs e) 位置 D:\Project\HTC\trunk\OperatingManagement\Web\Views\PlanManage\ExperimentProgramList.aspx.cs:行号 39
   --- 内部异常堆栈跟踪的结尾 ---
   在 OperatingManagement.Web.Views.PlanManage.ExperimentProgramList.btnSearch_Click(Object sender, EventArgs e) 位置 D:\Project\HTC\trunk\OperatingManagement\Web\Views\PlanManage\ExperimentProgramList.aspx.cs:行号 43
   在 System.Web.UI.WebControls.Button.OnClick(EventArgs e)
   在 System.Web.UI.WebControls.Button.RaisePostBackEvent(String eventArgument)
   在 System.Web.UI.WebControls.Button.System.Web.UI.IPostBackEventHandler.RaisePostBackEvent(String eventArgument)
   在 System.Web.UI.Page.RaisePostBackEvent(IPostBackEventHandler sourceControl, String eventArgument)
   在 System.Web.UI.Page.RaisePostBackEvent(NameValueCollection postData)
   在 System.Web.UI.Page.ProcessRequestMain(Boolean includeStagesBeforeAsyncPoint, Boolean includeStagesAfterAsyncPoint)   在 OperatingManagement.Web.Views.PlanManage.ExperimentProgramList.btnSearch_Click(Object sender, EventArgs e) 位置 D:\Project\HTC\trunk\OperatingManagement\Web\Views\PlanManage\ExperimentProgramList.aspx.cs:行号 43
   在 System.Web.UI.WebControls.Button.OnClick(EventArgs e)
   在 System.Web.UI.WebControls.Button.RaisePostBackEvent(String eventArgument)
   在 System.Web.UI.WebControls.Button.System.Web.UI.IPostBackEventHandler.RaisePostBackEvent(String eventArgument)
   在 System.Web.UI.Page.RaisePostBackEvent(IPostBackEventHandler sourceControl, String eventArgument)
   在 System.Web.UI.Page.RaisePostBackEvent(NameValueCollection postData)
   在 System.Web.UI.Page.ProcessRequestMain(Boolean includeStagesBeforeAsyncPoint, Boolean includeStagesAfterAsyncPoint)
   在 System.Web.UI.Page.HandleError(Exception e)
   在 System.Web.UI.Page.ProcessRequestMain(Boolean includeStagesBeforeAsyncPoint, Boolean includeStagesAfterAsyncPoint)
   在 System.Web.UI.Page.ProcessRequest(Boolean includeStagesBeforeAsyncPoint, Boolean includeStagesAfterAsyncPoint)
   在 System.Web.UI.Page.ProcessRequest()
   在 System.Web.UI.Page.ProcessRequestWithNoAssert(HttpContext context)
   在 System.Web.UI.Page.ProcessRequest(HttpContext context)
   在 ASP.views_planmanage_experimentprogramlist_aspx.ProcessRequest(HttpContext context) 位置 c:\Windows\Microsoft.NET\Framework\v4.0.30319\Temporary ASP.NET Files\root\3f1d351a\50383193\App_Web_experimentprogramlist.aspx.484a0ba8.ybqp8xef.0.cs:行号 0
   在 System.Web.HttpApplication.CallHandlerExecutionStep.System.Web.HttpApplication.IExecutionStep.Execute()
   在 System.Web.HttpApplication.ExecuteStep(IExecutionStep step, Boolean& completedSynchronously)

=================>
2012-07-01 13:08:08,962 @ [OperatingManagement.Framework.Core.AspNetException]:
System.Web.HttpUnhandledException (0x80004005): 引发类型为“System.Web.HttpUnhandledException”的异常。 ---> OperatingManagement.Framework.Core.AspNetException: 轨道根数列表页面搜索出现异常，异常原因 ---> System.ArgumentException: 列“TaskID”不属于表 Table1。
   在 System.Data.DataRow.GetDataColumn(String columnName)
   在 System.Data.DataRow.get_Item(String columnName)
   在 OperatingManagement.DataAccessLayer.BusinessManage.GD.GetListByDate(DateTime startDate, DateTime endDate) 位置 D:\Project\HTC\trunk\OperatingManagement\DataAccessLayer\BusinessManage\GD.cs:行号 151
   在 OperatingManagement.Web.Views.PlanManage.OribitalQuantityList.BindGridView(Boolean fromSearch) 位置 D:\Project\HTC\trunk\OperatingManagement\Web\Views\PlanManage\OribitalQuantityList.aspx.cs:行号 87
   在 OperatingManagement.Web.Views.PlanManage.OribitalQuantityList.btnSearch_Click(Object sender, EventArgs e) 位置 D:\Project\HTC\trunk\OperatingManagement\Web\Views\PlanManage\OribitalQuantityList.aspx.cs:行号 44
   --- 内部异常堆栈跟踪的结尾 ---
   在 OperatingManagement.Web.Views.PlanManage.OribitalQuantityList.btnSearch_Click(Object sender, EventArgs e) 位置 D:\Project\HTC\trunk\OperatingManagement\Web\Views\PlanManage\OribitalQuantityList.aspx.cs:行号 48
   在 System.Web.UI.WebControls.Button.OnClick(EventArgs e)
   在 System.Web.UI.WebControls.Button.RaisePostBackEvent(String eventArgument)
   在 System.Web.UI.WebControls.Button.System.Web.UI.IPostBackEventHandler.RaisePostBackEvent(String eventArgument)
   在 System.Web.UI.Page.RaisePostBackEvent(IPostBackEventHandler sourceControl, String eventArgument)
   在 System.Web.UI.Page.RaisePostBackEvent(NameValueCollection postData)
   在 System.Web.UI.Page.ProcessRequestMain(Boolean includeStagesBeforeAsyncPoint, Boolean includeStagesAfterAsyncPoint)   在 OperatingManagement.Web.Views.PlanManage.OribitalQuantityList.btnSearch_Click(Object sender, EventArgs e) 位置 D:\Project\HTC\trunk\OperatingManagement\Web\Views\PlanManage\OribitalQuantityList.aspx.cs:行号 48
   在 System.Web.UI.WebControls.Button.OnClick(EventArgs e)
   在 System.Web.UI.WebControls.Button.RaisePostBackEvent(String eventArgument)
   在 System.Web.UI.WebControls.Button.System.Web.UI.IPostBackEventHandler.RaisePostBackEvent(String eventArgument)
   在 System.Web.UI.Page.RaisePostBackEvent(IPostBackEventHandler sourceControl, String eventArgument)
   在 System.Web.UI.Page.RaisePostBackEvent(NameValueCollection postData)
   在 System.Web.UI.Page.ProcessRequestMain(Boolean includeStagesBeforeAsyncPoint, Boolean includeStagesAfterAsyncPoint)
   在 System.Web.UI.Page.HandleError(Exception e)
   在 System.Web.UI.Page.ProcessRequestMain(Boolean includeStagesBeforeAsyncPoint, Boolean includeStagesAfterAsyncPoint)
   在 System.Web.UI.Page.ProcessRequest(Boolean includeStagesBeforeAsyncPoint, Boolean includeStagesAfterAsyncPoint)
   在 System.Web.UI.Page.ProcessRequest()
   在 System.Web.UI.Page.ProcessRequestWithNoAssert(HttpContext context)
   在 System.Web.UI.Page.ProcessRequest(HttpContext context)
   在 ASP.views_planmanage_oribitalquantitylist_aspx.ProcessRequest(HttpContext context) 位置 c:\Windows\Microsoft.NET\Framework\v4.0.30319\Temporary ASP.NET Files\root\3f1d351a\50383193\App_Web_ulxeiiml.3.cs:行号 0
   在 System.Web.HttpApplication.CallHandlerExecutionStep.System.Web.HttpApplication.IExecutionStep.Execute()
   在 System.Web.HttpApplication.ExecuteStep(IExecutionStep step, Boolean& completedSynchronously)
OperatingManagement.Framework.Core.AspNetException: System.Web.HttpUnhandledException (0x80004005): 引发类型为“System.Web.HttpUnhandledException”的异常。 ---> OperatingManagement.Framework.Core.AspNetException: 轨道根数列表页面搜索出现异常，异常原因 ---> System.ArgumentException: 列“TaskID”不属于表 Table1。
   在 System.Data.DataRow.GetDataColumn(String columnName)
   在 System.Data.DataRow.get_Item(String columnName)
   在 OperatingManagement.DataAccessLayer.BusinessManage.GD.GetListByDate(DateTime startDate, DateTime endDate) 位置 D:\Project\HTC\trunk\OperatingManagement\DataAccessLayer\BusinessManage\GD.cs:行号 151
   在 OperatingManagement.Web.Views.PlanManage.OribitalQuantityList.BindGridView(Boolean fromSearch) 位置 D:\Project\HTC\trunk\OperatingManagement\Web\Views\PlanManage\OribitalQuantityList.aspx.cs:行号 87
   在 OperatingManagement.Web.Views.PlanManage.OribitalQuantityList.btnSearch_Click(Object sender, EventArgs e) 位置 D:\Project\HTC\trunk\OperatingManagement\Web\Views\PlanManage\OribitalQuantityList.aspx.cs:行号 44
   --- 内部异常堆栈跟踪的结尾 ---
   在 OperatingManagement.Web.Views.PlanManage.OribitalQuantityList.btnSearch_Click(Object sender, EventArgs e) 位置 D:\Project\HTC\trunk\OperatingManagement\Web\Views\PlanManage\OribitalQuantityList.aspx.cs:行号 48
   在 System.Web.UI.WebControls.Button.OnClick(EventArgs e)
   在 System.Web.UI.WebControls.Button.RaisePostBackEvent(String eventArgument)
   在 System.Web.UI.WebControls.Button.System.Web.UI.IPostBackEventHandler.RaisePostBackEvent(String eventArgument)
   在 System.Web.UI.Page.RaisePostBackEvent(IPostBackEventHandler sourceControl, String eventArgument)
   在 System.Web.UI.Page.RaisePostBackEvent(NameValueCollection postData)
   在 System.Web.UI.Page.ProcessRequestMain(Boolean includeStagesBeforeAsyncPoint, Boolean includeStagesAfterAsyncPoint)   在 OperatingManagement.Web.Views.PlanManage.OribitalQuantityList.btnSearch_Click(Object sender, EventArgs e) 位置 D:\Project\HTC\trunk\OperatingManagement\Web\Views\PlanManage\OribitalQuantityList.aspx.cs:行号 48
   在 System.Web.UI.WebControls.Button.OnClick(EventArgs e)
   在 System.Web.UI.WebControls.Button.RaisePostBackEvent(String eventArgument)
   在 System.Web.UI.WebControls.Button.System.Web.UI.IPostBackEventHandler.RaisePostBackEvent(String eventArgument)
   在 System.Web.UI.Page.RaisePostBackEvent(IPostBackEventHandler sourceControl, String eventArgument)
   在 System.Web.UI.Page.RaisePostBackEvent(NameValueCollection postData)
   在 System.Web.UI.Page.ProcessRequestMain(Boolean includeStagesBeforeAsyncPoint, Boolean includeStagesAfterAsyncPoint)
   在 System.Web.UI.Page.HandleError(Exception e)
   在 System.Web.UI.Page.ProcessRequestMain(Boolean includeStagesBeforeAsyncPoint, Boolean includeStagesAfterAsyncPoint)
   在 System.Web.UI.Page.ProcessRequest(Boolean includeStagesBeforeAsyncPoint, Boolean includeStagesAfterAsyncPoint)
   在 System.Web.UI.Page.ProcessRequest()
   在 System.Web.UI.Page.ProcessRequestWithNoAssert(HttpContext context)
   在 System.Web.UI.Page.ProcessRequest(HttpContext context)
   在 ASP.views_planmanage_oribitalquantitylist_aspx.ProcessRequest(HttpContext context) 位置 c:\Windows\Microsoft.NET\Framework\v4.0.30319\Temporary ASP.NET Files\root\3f1d351a\50383193\App_Web_ulxeiiml.3.cs:行号 0
   在 System.Web.HttpApplication.CallHandlerExecutionStep.System.Web.HttpApplication.IExecutionStep.Execute()
   在 System.Web.HttpApplication.ExecuteStep(IExecutionStep step, Boolean& completedSynchronously)

=================>
2012-07-01 13:13:04,417 @ [OperatingManagement.Framework.Core.AspNetException]:
System.Web.HttpUnhandledException (0x80004005): 引发类型为“System.Web.HttpUnhandledException”的异常。 ---> OperatingManagement.Framework.Core.AspNetException: 初始化页面出现异常，异常原因 ---> OperatingManagement.Framework.Core.AspNetException: 绑定目标信息出现异常，异常原因 ---> System.ArgumentException: 列“WXBS”不属于表 Table。
   在 System.Data.DataRow.GetDataColumn(String columnName)
   在 System.Data.DataRow.get_Item(String columnName)
   在 OperatingManagement.DataAccessLayer.BusinessManage.Satellite.SelectAll() 位置 D:\Project\HTC\trunk\OperatingManagement\DataAccessLayer\BusinessManage\Satellite.cs:行号 148
   在 OperatingManagement.DataAccessLayer.BusinessManage.Satellite.get_Cache() 位置 D:\Project\HTC\trunk\OperatingManagement\DataAccessLayer\BusinessManage\Satellite.cs:行号 76
   在 OperatingManagement.Web.ucs.ucSatellite.BindDataSource() 位置 D:\Project\HTC\trunk\OperatingManagement\Web\ucs\ucSatellite.ascx.cs:行号 34
   在 OperatingManagement.Web.ucs.ucSatellite.ReBindData() 位置 D:\Project\HTC\trunk\OperatingManagement\Web\ucs\ucSatellite.ascx.cs:行号 44
   在 OperatingManagement.Web.Views.PlanManage.XXXQEdit.rpMB_ItemDataBound(Object sender, RepeaterItemEventArgs e) 位置 D:\Project\HTC\trunk\OperatingManagement\Web\Views\PlanManage\XXXQEdit.aspx.cs:行号 588
   --- 内部异常堆栈跟踪的结尾 ---
   在 OperatingManagement.Web.Views.PlanManage.XXXQEdit.rpMB_ItemDataBound(Object sender, RepeaterItemEventArgs e) 位置 D:\Project\HTC\trunk\OperatingManagement\Web\Views\PlanManage\XXXQEdit.aspx.cs:行号 609
   在 System.Web.UI.WebControls.Repeater.OnItemDataBound(RepeaterItemEventArgs e)
   在 System.Web.UI.WebControls.Repeater.CreateItem(Int32 itemIndex, ListItemType itemType, Boolean dataBind, Object dataItem)
   在 System.Web.UI.WebControls.Repeater.CreateControlHierarchy(Boolean useDataSource)
   在 System.Web.UI.WebControls.Repeater.OnDataBinding(EventArgs e)
   在 System.Web.UI.WebControls.Repeater.DataBind()
   在 OperatingManagement.Web.Views.PlanManage.XXXQEdit.initial() 位置 D:\Project\HTC\trunk\OperatingManagement\Web\Views\PlanManage\XXXQEdit.aspx.cs:行号 69
   --- 内部异常堆栈跟踪的结尾 ---
   在 OperatingManagement.Web.Views.PlanManage.XXXQEdit.initial() 位置 D:\Project\HTC\trunk\OperatingManagement\Web\Views\PlanManage\XXXQEdit.aspx.cs:行号 77
   在 OperatingManagement.Web.Views.PlanManage.XXXQEdit.Page_Load(Object sender, EventArgs e) 位置 D:\Project\HTC\trunk\OperatingManagement\Web\Views\PlanManage\XXXQEdit.aspx.cs:行号 27
   在 System.Web.Util.CalliHelper.EventArgFunctionCaller(IntPtr fp, Object o, Object t, EventArgs e)
   在 System.Web.Util.CalliEventHandlerDelegateProxy.Callback(Object sender, EventArgs e)
   在 System.Web.UI.Control.OnLoad(EventArgs e)
   在 System.Web.UI.Control.LoadRecursive()
   在 System.Web.UI.Page.ProcessRequestMain(Boolean includeStagesBeforeAsyncPoint, Boolean includeStagesAfterAsyncPoint)   在 OperatingManagement.Web.Views.PlanManage.XXXQEdit.initial() 位置 D:\Project\HTC\trunk\OperatingManagement\Web\Views\PlanManage\XXXQEdit.aspx.cs:行号 77
   在 OperatingManagement.Web.Views.PlanManage.XXXQEdit.Page_Load(Object sender, EventArgs e) 位置 D:\Project\HTC\trunk\OperatingManagement\Web\Views\PlanManage\XXXQEdit.aspx.cs:行号 27
   在 System.Web.Util.CalliHelper.EventArgFunctionCaller(IntPtr fp, Object o, Object t, EventArgs e)
   在 System.Web.Util.CalliEventHandlerDelegateProxy.Callback(Object sender, EventArgs e)
   在 System.Web.UI.Control.OnLoad(EventArgs e)
   在 System.Web.UI.Control.LoadRecursive()
   在 System.Web.UI.Page.ProcessRequestMain(Boolean includeStagesBeforeAsyncPoint, Boolean includeStagesAfterAsyncPoint)
   在 System.Web.UI.Page.HandleError(Exception e)
   在 System.Web.UI.Page.ProcessRequestMain(Boolean includeStagesBeforeAsyncPoint, Boolean includeStagesAfterAsyncPoint)
   在 System.Web.UI.Page.ProcessRequest(Boolean includeStagesBeforeAsyncPoint, Boolean includeStagesAfterAsyncPoint)
   在 System.Web.UI.Page.ProcessRequest()
   在 System.Web.UI.Page.ProcessRequestWithNoAssert(HttpContext context)
   在 System.Web.UI.Page.ProcessRequest(HttpContext context)
   在 ASP.views_planmanage_xxxqedit_aspx.ProcessRequest(HttpContext context) 位置 c:\Windows\Microsoft.NET\Framework\v4.0.30319\Temporary ASP.NET Files\root\3f1d351a\50383193\App_Web_ulxeiiml.7.cs:行号 0
   在 System.Web.HttpApplication.CallHandlerExecutionStep.System.Web.HttpApplication.IExecutionStep.Execute()
   在 System.Web.HttpApplication.ExecuteStep(IExecutionStep step, Boolean& completedSynchronously)
OperatingManagement.Framework.Core.AspNetException: System.Web.HttpUnhandledException (0x80004005): 引发类型为“System.Web.HttpUnhandledException”的异常。 ---> OperatingManagement.Framework.Core.AspNetException: 初始化页面出现异常，异常原因 ---> OperatingManagement.Framework.Core.AspNetException: 绑定目标信息出现异常，异常原因 ---> System.ArgumentException: 列“WXBS”不属于表 Table。
   在 System.Data.DataRow.GetDataColumn(String columnName)
   在 System.Data.DataRow.get_Item(String columnName)
   在 OperatingManagement.DataAccessLayer.BusinessManage.Satellite.SelectAll() 位置 D:\Project\HTC\trunk\OperatingManagement\DataAccessLayer\BusinessManage\Satellite.cs:行号 148
   在 OperatingManagement.DataAccessLayer.BusinessManage.Satellite.get_Cache() 位置 D:\Project\HTC\trunk\OperatingManagement\DataAccessLayer\BusinessManage\Satellite.cs:行号 76
   在 OperatingManagement.Web.ucs.ucSatellite.BindDataSource() 位置 D:\Project\HTC\trunk\OperatingManagement\Web\ucs\ucSatellite.ascx.cs:行号 34
   在 OperatingManagement.Web.ucs.ucSatellite.ReBindData() 位置 D:\Project\HTC\trunk\OperatingManagement\Web\ucs\ucSatellite.ascx.cs:行号 44
   在 OperatingManagement.Web.Views.PlanManage.XXXQEdit.rpMB_ItemDataBound(Object sender, RepeaterItemEventArgs e) 位置 D:\Project\HTC\trunk\OperatingManagement\Web\Views\PlanManage\XXXQEdit.aspx.cs:行号 588
   --- 内部异常堆栈跟踪的结尾 ---
   在 OperatingManagement.Web.Views.PlanManage.XXXQEdit.rpMB_ItemDataBound(Object sender, RepeaterItemEventArgs e) 位置 D:\Project\HTC\trunk\OperatingManagement\Web\Views\PlanManage\XXXQEdit.aspx.cs:行号 609
   在 System.Web.UI.WebControls.Repeater.OnItemDataBound(RepeaterItemEventArgs e)
   在 System.Web.UI.WebControls.Repeater.CreateItem(Int32 itemIndex, ListItemType itemType, Boolean dataBind, Object dataItem)
   在 System.Web.UI.WebControls.Repeater.CreateControlHierarchy(Boolean useDataSource)
   在 System.Web.UI.WebControls.Repeater.OnDataBinding(EventArgs e)
   在 System.Web.UI.WebControls.Repeater.DataBind()
   在 OperatingManagement.Web.Views.PlanManage.XXXQEdit.initial() 位置 D:\Project\HTC\trunk\OperatingManagement\Web\Views\PlanManage\XXXQEdit.aspx.cs:行号 69
   --- 内部异常堆栈跟踪的结尾 ---
   在 OperatingManagement.Web.Views.PlanManage.XXXQEdit.initial() 位置 D:\Project\HTC\trunk\OperatingManagement\Web\Views\PlanManage\XXXQEdit.aspx.cs:行号 77
   在 OperatingManagement.Web.Views.PlanManage.XXXQEdit.Page_Load(Object sender, EventArgs e) 位置 D:\Project\HTC\trunk\OperatingManagement\Web\Views\PlanManage\XXXQEdit.aspx.cs:行号 27
   在 System.Web.Util.CalliHelper.EventArgFunctionCaller(IntPtr fp, Object o, Object t, EventArgs e)
   在 System.Web.Util.CalliEventHandlerDelegateProxy.Callback(Object sender, EventArgs e)
   在 System.Web.UI.Control.OnLoad(EventArgs e)
   在 System.Web.UI.Control.LoadRecursive()
   在 System.Web.UI.Page.ProcessRequestMain(Boolean includeStagesBeforeAsyncPoint, Boolean includeStagesAfterAsyncPoint)   在 OperatingManagement.Web.Views.PlanManage.XXXQEdit.initial() 位置 D:\Project\HTC\trunk\OperatingManagement\Web\Views\PlanManage\XXXQEdit.aspx.cs:行号 77
   在 OperatingManagement.Web.Views.PlanManage.XXXQEdit.Page_Load(Object sender, EventArgs e) 位置 D:\Project\HTC\trunk\OperatingManagement\Web\Views\PlanManage\XXXQEdit.aspx.cs:行号 27
   在 System.Web.Util.CalliHelper.EventArgFunctionCaller(IntPtr fp, Object o, Object t, EventArgs e)
   在 System.Web.Util.CalliEventHandlerDelegateProxy.Callback(Object sender, EventArgs e)
   在 System.Web.UI.Control.OnLoad(EventArgs e)
   在 System.Web.UI.Control.LoadRecursive()
   在 System.Web.UI.Page.ProcessRequestMain(Boolean includeStagesBeforeAsyncPoint, Boolean includeStagesAfterAsyncPoint)
   在 System.Web.UI.Page.HandleError(Exception e)
   在 System.Web.UI.Page.ProcessRequestMain(Boolean includeStagesBeforeAsyncPoint, Boolean includeStagesAfterAsyncPoint)
   在 System.Web.UI.Page.ProcessRequest(Boolean includeStagesBeforeAsyncPoint, Boolean includeStagesAfterAsyncPoint)
   在 System.Web.UI.Page.ProcessRequest()
   在 System.Web.UI.Page.ProcessRequestWithNoAssert(HttpContext context)
   在 System.Web.UI.Page.ProcessRequest(HttpContext context)
   在 ASP.views_planmanage_xxxqedit_aspx.ProcessRequest(HttpContext context) 位置 c:\Windows\Microsoft.NET\Framework\v4.0.30319\Temporary ASP.NET Files\root\3f1d351a\50383193\App_Web_ulxeiiml.7.cs:行号 0
   在 System.Web.HttpApplication.CallHandlerExecutionStep.System.Web.HttpApplication.IExecutionStep.Execute()
   在 System.Web.HttpApplication.ExecuteStep(IExecutionStep step, Boolean& completedSynchronously)

=================>
2012-07-01 13:15:16,969 @ [OperatingManagement.Framework.Core.AspNetException]:
System.Web.HttpUnhandledException (0x80004005): 引发类型为“System.Web.HttpUnhandledException”的异常。 ---> Oracle.DataAccess.Client.OracleException ORA-06550: 第 1 行, 第 7 列: 
PLS-00201: 必须声明标识符 'UP_TASK_SELECTALL'
ORA-06550: 第 1 行, 第 7 列: 
PL/SQL: Statement ignored    在 Oracle.DataAccess.Client.OracleException.HandleErrorHelper(Int32 errCode, OracleConnection conn, IntPtr opsErrCtx, OpoSqlValCtx* pOpoSqlValCtx, Object src, String procedure)
   在 Oracle.DataAccess.Client.OracleException.HandleError(Int32 errCode, OracleConnection conn, String procedure, IntPtr opsErrCtx, OpoSqlValCtx* pOpoSqlValCtx, Object src)
   在 Oracle.DataAccess.Client.OracleCommand.ExecuteReader(Boolean requery, Boolean fillRequest, CommandBehavior behavior)
   在 Oracle.DataAccess.Client.OracleDataAdapter.Fill(DataSet dataSet, Int32 startRecord, Int32 maxRecords, String srcTable, IDbCommand command, CommandBehavior behavior)
   在 System.Data.Common.DbDataAdapter.Fill(DataSet dataSet)
   在 OperatingManagement.Framework.OracleDatabase.SpExecuteDataSet(String spName, OracleParameter[] parameters) 位置 D:\Project\HTC\trunk\OperatingManagement\Framework\Oracle\OracleDatabase.cs:行号 120
   在 OperatingManagement.DataAccessLayer.BusinessManage.Task.SelectAll() 位置 D:\Project\HTC\trunk\OperatingManagement\DataAccessLayer\BusinessManage\Task.cs:行号 91
   在 OperatingManagement.DataAccessLayer.BusinessManage.Task.get_Cache() 位置 D:\Project\HTC\trunk\OperatingManagement\DataAccessLayer\BusinessManage\Task.cs:行号 51
   在 OperatingManagement.Web.ucs.ucTask.Page_Load(Object sender, EventArgs e) 位置 D:\Project\HTC\trunk\OperatingManagement\Web\ucs\ucTask.ascx.cs:行号 22
   在 System.Web.Util.CalliHelper.EventArgFunctionCaller(IntPtr fp, Object o, Object t, EventArgs e)
   在 System.Web.Util.CalliEventHandlerDelegateProxy.Callback(Object sender, EventArgs e)
   在 System.Web.UI.Control.OnLoad(EventArgs e)
   在 System.Web.UI.Control.LoadRecursive()
   在 System.Web.UI.Control.LoadRecursive()
   在 System.Web.UI.Control.LoadRecursive()
   在 System.Web.UI.Control.LoadRecursive()
   在 System.Web.UI.Control.LoadRecursive()
   在 System.Web.UI.Page.ProcessRequestMain(Boolean includeStagesBeforeAsyncPoint, Boolean includeStagesAfterAsyncPoint)
   在 System.Web.UI.Page.HandleError(Exception e)
   在 System.Web.UI.Page.ProcessRequestMain(Boolean includeStagesBeforeAsyncPoint, Boolean includeStagesAfterAsyncPoint)
   在 System.Web.UI.Page.ProcessRequest(Boolean includeStagesBeforeAsyncPoint, Boolean includeStagesAfterAsyncPoint)
   在 System.Web.UI.Page.ProcessRequest()
   在 System.Web.UI.Page.ProcessRequestWithNoAssert(HttpContext context)
   在 System.Web.UI.Page.ProcessRequest(HttpContext context)
   在 ASP.views_planmanage_yjjhedit_aspx.ProcessRequest(HttpContext context) 位置 c:\Windows\Microsoft.NET\Framework\v4.0.30319\Temporary ASP.NET Files\root\3f1d351a\50383193\App_Web_ulxeiiml.6.cs:行号 0
   在 System.Web.HttpApplication.CallHandlerExecutionStep.System.Web.HttpApplication.IExecutionStep.Execute()
   在 System.Web.HttpApplication.ExecuteStep(IExecutionStep step, Boolean& completedSynchronously)
OperatingManagement.Framework.Core.AspNetException: System.Web.HttpUnhandledException (0x80004005): 引发类型为“System.Web.HttpUnhandledException”的异常。 ---> Oracle.DataAccess.Client.OracleException ORA-06550: 第 1 行, 第 7 列: 
PLS-00201: 必须声明标识符 'UP_TASK_SELECTALL'
ORA-06550: 第 1 行, 第 7 列: 
PL/SQL: Statement ignored    在 Oracle.DataAccess.Client.OracleException.HandleErrorHelper(Int32 errCode, OracleConnection conn, IntPtr opsErrCtx, OpoSqlValCtx* pOpoSqlValCtx, Object src, String procedure)
   在 Oracle.DataAccess.Client.OracleException.HandleError(Int32 errCode, OracleConnection conn, String procedure, IntPtr opsErrCtx, OpoSqlValCtx* pOpoSqlValCtx, Object src)
   在 Oracle.DataAccess.Client.OracleCommand.ExecuteReader(Boolean requery, Boolean fillRequest, CommandBehavior behavior)
   在 Oracle.DataAccess.Client.OracleDataAdapter.Fill(DataSet dataSet, Int32 startRecord, Int32 maxRecords, String srcTable, IDbCommand command, CommandBehavior behavior)
   在 System.Data.Common.DbDataAdapter.Fill(DataSet dataSet)
   在 OperatingManagement.Framework.OracleDatabase.SpExecuteDataSet(String spName, OracleParameter[] parameters) 位置 D:\Project\HTC\trunk\OperatingManagement\Framework\Oracle\OracleDatabase.cs:行号 120
   在 OperatingManagement.DataAccessLayer.BusinessManage.Task.SelectAll() 位置 D:\Project\HTC\trunk\OperatingManagement\DataAccessLayer\BusinessManage\Task.cs:行号 91
   在 OperatingManagement.DataAccessLayer.BusinessManage.Task.get_Cache() 位置 D:\Project\HTC\trunk\OperatingManagement\DataAccessLayer\BusinessManage\Task.cs:行号 51
   在 OperatingManagement.Web.ucs.ucTask.Page_Load(Object sender, EventArgs e) 位置 D:\Project\HTC\trunk\OperatingManagement\Web\ucs\ucTask.ascx.cs:行号 22
   在 System.Web.Util.CalliHelper.EventArgFunctionCaller(IntPtr fp, Object o, Object t, EventArgs e)
   在 System.Web.Util.CalliEventHandlerDelegateProxy.Callback(Object sender, EventArgs e)
   在 System.Web.UI.Control.OnLoad(EventArgs e)
   在 System.Web.UI.Control.LoadRecursive()
   在 System.Web.UI.Control.LoadRecursive()
   在 System.Web.UI.Control.LoadRecursive()
   在 System.Web.UI.Control.LoadRecursive()
   在 System.Web.UI.Control.LoadRecursive()
   在 System.Web.UI.Page.ProcessRequestMain(Boolean includeStagesBeforeAsyncPoint, Boolean includeStagesAfterAsyncPoint)
   在 System.Web.UI.Page.HandleError(Exception e)
   在 System.Web.UI.Page.ProcessRequestMain(Boolean includeStagesBeforeAsyncPoint, Boolean includeStagesAfterAsyncPoint)
   在 System.Web.UI.Page.ProcessRequest(Boolean includeStagesBeforeAsyncPoint, Boolean includeStagesAfterAsyncPoint)
   在 System.Web.UI.Page.ProcessRequest()
   在 System.Web.UI.Page.ProcessRequestWithNoAssert(HttpContext context)
   在 System.Web.UI.Page.ProcessRequest(HttpContext context)
   在 ASP.views_planmanage_yjjhedit_aspx.ProcessRequest(HttpContext context) 位置 c:\Windows\Microsoft.NET\Framework\v4.0.30319\Temporary ASP.NET Files\root\3f1d351a\50383193\App_Web_ulxeiiml.6.cs:行号 0
   在 System.Web.HttpApplication.CallHandlerExecutionStep.System.Web.HttpApplication.IExecutionStep.Execute()
   在 System.Web.HttpApplication.ExecuteStep(IExecutionStep step, Boolean& completedSynchronously)

=================>
2012-07-01 13:31:20,358 @ [OperatingManagement.Framework.Core.AspNetException]:
System.Web.HttpUnhandledException (0x80004005): 引发类型为“System.Web.HttpUnhandledException”的异常。 ---> Oracle.DataAccess.Client.OracleException ORA-06550: 第 1 行, 第 7 列: 
PLS-00201: 必须声明标识符 'UP_TASK_SELECTALL'
ORA-06550: 第 1 行, 第 7 列: 
PL/SQL: Statement ignored    在 Oracle.DataAccess.Client.OracleException.HandleErrorHelper(Int32 errCode, OracleConnection conn, IntPtr opsErrCtx, OpoSqlValCtx* pOpoSqlValCtx, Object src, String procedure)
   在 Oracle.DataAccess.Client.OracleException.HandleError(Int32 errCode, OracleConnection conn, String procedure, IntPtr opsErrCtx, OpoSqlValCtx* pOpoSqlValCtx, Object src)
   在 Oracle.DataAccess.Client.OracleCommand.ExecuteReader(Boolean requery, Boolean fillRequest, CommandBehavior behavior)
   在 Oracle.DataAccess.Client.OracleDataAdapter.Fill(DataSet dataSet, Int32 startRecord, Int32 maxRecords, String srcTable, IDbCommand command, CommandBehavior behavior)
   在 System.Data.Common.DbDataAdapter.Fill(DataSet dataSet)
   在 OperatingManagement.Framework.OracleDatabase.SpExecuteDataSet(String spName, OracleParameter[] parameters) 位置 D:\Project\HTC\trunk\OperatingManagement\Framework\Oracle\OracleDatabase.cs:行号 120
   在 OperatingManagement.DataAccessLayer.BusinessManage.Task.SelectAll() 位置 D:\Project\HTC\trunk\OperatingManagement\DataAccessLayer\BusinessManage\Task.cs:行号 91
   在 OperatingManagement.DataAccessLayer.BusinessManage.Task.get_Cache() 位置 D:\Project\HTC\trunk\OperatingManagement\DataAccessLayer\BusinessManage\Task.cs:行号 51
   在 OperatingManagement.Web.ucs.ucTask.Page_Load(Object sender, EventArgs e) 位置 D:\Project\HTC\trunk\OperatingManagement\Web\ucs\ucTask.ascx.cs:行号 22
   在 System.Web.Util.CalliHelper.EventArgFunctionCaller(IntPtr fp, Object o, Object t, EventArgs e)
   在 System.Web.Util.CalliEventHandlerDelegateProxy.Callback(Object sender, EventArgs e)
   在 System.Web.UI.Control.OnLoad(EventArgs e)
   在 System.Web.UI.Control.LoadRecursive()
   在 System.Web.UI.Control.LoadRecursive()
   在 System.Web.UI.Control.LoadRecursive()
   在 System.Web.UI.Control.LoadRecursive()
   在 System.Web.UI.Control.LoadRecursive()
   在 System.Web.UI.Page.ProcessRequestMain(Boolean includeStagesBeforeAsyncPoint, Boolean includeStagesAfterAsyncPoint)
   在 System.Web.UI.Page.HandleError(Exception e)
   在 System.Web.UI.Page.ProcessRequestMain(Boolean includeStagesBeforeAsyncPoint, Boolean includeStagesAfterAsyncPoint)
   在 System.Web.UI.Page.ProcessRequest(Boolean includeStagesBeforeAsyncPoint, Boolean includeStagesAfterAsyncPoint)
   在 System.Web.UI.Page.ProcessRequest()
   在 System.Web.UI.Page.ProcessRequestWithNoAssert(HttpContext context)
   在 System.Web.UI.Page.ProcessRequest(HttpContext context)
   在 ASP.views_planmanage_yjjhedit_aspx.ProcessRequest(HttpContext context) 位置 c:\Windows\Microsoft.NET\Framework\v4.0.30319\Temporary ASP.NET Files\root\3f1d351a\50383193\App_Web_ulxeiiml.6.cs:行号 0
   在 System.Web.HttpApplication.CallHandlerExecutionStep.System.Web.HttpApplication.IExecutionStep.Execute()
   在 System.Web.HttpApplication.ExecuteStep(IExecutionStep step, Boolean& completedSynchronously)
OperatingManagement.Framework.Core.AspNetException: System.Web.HttpUnhandledException (0x80004005): 引发类型为“System.Web.HttpUnhandledException”的异常。 ---> Oracle.DataAccess.Client.OracleException ORA-06550: 第 1 行, 第 7 列: 
PLS-00201: 必须声明标识符 'UP_TASK_SELECTALL'
ORA-06550: 第 1 行, 第 7 列: 
PL/SQL: Statement ignored    在 Oracle.DataAccess.Client.OracleException.HandleErrorHelper(Int32 errCode, OracleConnection conn, IntPtr opsErrCtx, OpoSqlValCtx* pOpoSqlValCtx, Object src, String procedure)
   在 Oracle.DataAccess.Client.OracleException.HandleError(Int32 errCode, OracleConnection conn, String procedure, IntPtr opsErrCtx, OpoSqlValCtx* pOpoSqlValCtx, Object src)
   在 Oracle.DataAccess.Client.OracleCommand.ExecuteReader(Boolean requery, Boolean fillRequest, CommandBehavior behavior)
   在 Oracle.DataAccess.Client.OracleDataAdapter.Fill(DataSet dataSet, Int32 startRecord, Int32 maxRecords, String srcTable, IDbCommand command, CommandBehavior behavior)
   在 System.Data.Common.DbDataAdapter.Fill(DataSet dataSet)
   在 OperatingManagement.Framework.OracleDatabase.SpExecuteDataSet(String spName, OracleParameter[] parameters) 位置 D:\Project\HTC\trunk\OperatingManagement\Framework\Oracle\OracleDatabase.cs:行号 120
   在 OperatingManagement.DataAccessLayer.BusinessManage.Task.SelectAll() 位置 D:\Project\HTC\trunk\OperatingManagement\DataAccessLayer\BusinessManage\Task.cs:行号 91
   在 OperatingManagement.DataAccessLayer.BusinessManage.Task.get_Cache() 位置 D:\Project\HTC\trunk\OperatingManagement\DataAccessLayer\BusinessManage\Task.cs:行号 51
   在 OperatingManagement.Web.ucs.ucTask.Page_Load(Object sender, EventArgs e) 位置 D:\Project\HTC\trunk\OperatingManagement\Web\ucs\ucTask.ascx.cs:行号 22
   在 System.Web.Util.CalliHelper.EventArgFunctionCaller(IntPtr fp, Object o, Object t, EventArgs e)
   在 System.Web.Util.CalliEventHandlerDelegateProxy.Callback(Object sender, EventArgs e)
   在 System.Web.UI.Control.OnLoad(EventArgs e)
   在 System.Web.UI.Control.LoadRecursive()
   在 System.Web.UI.Control.LoadRecursive()
   在 System.Web.UI.Control.LoadRecursive()
   在 System.Web.UI.Control.LoadRecursive()
   在 System.Web.UI.Control.LoadRecursive()
   在 System.Web.UI.Page.ProcessRequestMain(Boolean includeStagesBeforeAsyncPoint, Boolean includeStagesAfterAsyncPoint)
   在 System.Web.UI.Page.HandleError(Exception e)
   在 System.Web.UI.Page.ProcessRequestMain(Boolean includeStagesBeforeAsyncPoint, Boolean includeStagesAfterAsyncPoint)
   在 System.Web.UI.Page.ProcessRequest(Boolean includeStagesBeforeAsyncPoint, Boolean includeStagesAfterAsyncPoint)
   在 System.Web.UI.Page.ProcessRequest()
   在 System.Web.UI.Page.ProcessRequestWithNoAssert(HttpContext context)
   在 System.Web.UI.Page.ProcessRequest(HttpContext context)
   在 ASP.views_planmanage_yjjhedit_aspx.ProcessRequest(HttpContext context) 位置 c:\Windows\Microsoft.NET\Framework\v4.0.30319\Temporary ASP.NET Files\root\3f1d351a\50383193\App_Web_ulxeiiml.6.cs:行号 0
   在 System.Web.HttpApplication.CallHandlerExecutionStep.System.Web.HttpApplication.IExecutionStep.Execute()
   在 System.Web.HttpApplication.ExecuteStep(IExecutionStep step, Boolean& completedSynchronously)

=================>
2012-07-01 13:38:33,650 @ [OperatingManagement.Framework.Core.AspNetException]:
System.Web.HttpUnhandledException (0x80004005): 引发类型为“System.Web.HttpUnhandledException”的异常。 ---> Oracle.DataAccess.Client.OracleException ORA-06550: 第 1 行, 第 7 列: 
PLS-00201: 必须声明标识符 'UP_TASK_SELECTALL'
ORA-06550: 第 1 行, 第 7 列: 
PL/SQL: Statement ignored    在 Oracle.DataAccess.Client.OracleException.HandleErrorHelper(Int32 errCode, OracleConnection conn, IntPtr opsErrCtx, OpoSqlValCtx* pOpoSqlValCtx, Object src, String procedure)
   在 Oracle.DataAccess.Client.OracleException.HandleError(Int32 errCode, OracleConnection conn, String procedure, IntPtr opsErrCtx, OpoSqlValCtx* pOpoSqlValCtx, Object src)
   在 Oracle.DataAccess.Client.OracleCommand.ExecuteReader(Boolean requery, Boolean fillRequest, CommandBehavior behavior)
   在 Oracle.DataAccess.Client.OracleDataAdapter.Fill(DataSet dataSet, Int32 startRecord, Int32 maxRecords, String srcTable, IDbCommand command, CommandBehavior behavior)
   在 System.Data.Common.DbDataAdapter.Fill(DataSet dataSet)
   在 OperatingManagement.Framework.OracleDatabase.SpExecuteDataSet(String spName, OracleParameter[] parameters) 位置 D:\Project\HTC\trunk\OperatingManagement\Framework\Oracle\OracleDatabase.cs:行号 120
   在 OperatingManagement.DataAccessLayer.BusinessManage.Task.SelectAll() 位置 D:\Project\HTC\trunk\OperatingManagement\DataAccessLayer\BusinessManage\Task.cs:行号 91
   在 OperatingManagement.DataAccessLayer.BusinessManage.Task.get_Cache() 位置 D:\Project\HTC\trunk\OperatingManagement\DataAccessLayer\BusinessManage\Task.cs:行号 51
   在 OperatingManagement.Web.ucs.ucTask.Page_Load(Object sender, EventArgs e) 位置 D:\Project\HTC\trunk\OperatingManagement\Web\ucs\ucTask.ascx.cs:行号 22
   在 System.Web.Util.CalliHelper.EventArgFunctionCaller(IntPtr fp, Object o, Object t, EventArgs e)
   在 System.Web.Util.CalliEventHandlerDelegateProxy.Callback(Object sender, EventArgs e)
   在 System.Web.UI.Control.OnLoad(EventArgs e)
   在 System.Web.UI.Control.LoadRecursive()
   在 System.Web.UI.Control.LoadRecursive()
   在 System.Web.UI.Control.LoadRecursive()
   在 System.Web.UI.Control.LoadRecursive()
   在 System.Web.UI.Control.LoadRecursive()
   在 System.Web.UI.Page.ProcessRequestMain(Boolean includeStagesBeforeAsyncPoint, Boolean includeStagesAfterAsyncPoint)
   在 System.Web.UI.Page.HandleError(Exception e)
   在 System.Web.UI.Page.ProcessRequestMain(Boolean includeStagesBeforeAsyncPoint, Boolean includeStagesAfterAsyncPoint)
   在 System.Web.UI.Page.ProcessRequest(Boolean includeStagesBeforeAsyncPoint, Boolean includeStagesAfterAsyncPoint)
   在 System.Web.UI.Page.ProcessRequest()
   在 System.Web.UI.Page.ProcessRequestWithNoAssert(HttpContext context)
   在 System.Web.UI.Page.ProcessRequest(HttpContext context)
   在 ASP.views_planmanage_yjjhedit_aspx.ProcessRequest(HttpContext context) 位置 c:\Windows\Microsoft.NET\Framework\v4.0.30319\Temporary ASP.NET Files\root\3f1d351a\50383193\App_Web_ulxeiiml.6.cs:行号 0
   在 System.Web.HttpApplication.CallHandlerExecutionStep.System.Web.HttpApplication.IExecutionStep.Execute()
   在 System.Web.HttpApplication.ExecuteStep(IExecutionStep step, Boolean& completedSynchronously)
OperatingManagement.Framework.Core.AspNetException: System.Web.HttpUnhandledException (0x80004005): 引发类型为“System.Web.HttpUnhandledException”的异常。 ---> Oracle.DataAccess.Client.OracleException ORA-06550: 第 1 行, 第 7 列: 
PLS-00201: 必须声明标识符 'UP_TASK_SELECTALL'
ORA-06550: 第 1 行, 第 7 列: 
PL/SQL: Statement ignored    在 Oracle.DataAccess.Client.OracleException.HandleErrorHelper(Int32 errCode, OracleConnection conn, IntPtr opsErrCtx, OpoSqlValCtx* pOpoSqlValCtx, Object src, String procedure)
   在 Oracle.DataAccess.Client.OracleException.HandleError(Int32 errCode, OracleConnection conn, String procedure, IntPtr opsErrCtx, OpoSqlValCtx* pOpoSqlValCtx, Object src)
   在 Oracle.DataAccess.Client.OracleCommand.ExecuteReader(Boolean requery, Boolean fillRequest, CommandBehavior behavior)
   在 Oracle.DataAccess.Client.OracleDataAdapter.Fill(DataSet dataSet, Int32 startRecord, Int32 maxRecords, String srcTable, IDbCommand command, CommandBehavior behavior)
   在 System.Data.Common.DbDataAdapter.Fill(DataSet dataSet)
   在 OperatingManagement.Framework.OracleDatabase.SpExecuteDataSet(String spName, OracleParameter[] parameters) 位置 D:\Project\HTC\trunk\OperatingManagement\Framework\Oracle\OracleDatabase.cs:行号 120
   在 OperatingManagement.DataAccessLayer.BusinessManage.Task.SelectAll() 位置 D:\Project\HTC\trunk\OperatingManagement\DataAccessLayer\BusinessManage\Task.cs:行号 91
   在 OperatingManagement.DataAccessLayer.BusinessManage.Task.get_Cache() 位置 D:\Project\HTC\trunk\OperatingManagement\DataAccessLayer\BusinessManage\Task.cs:行号 51
   在 OperatingManagement.Web.ucs.ucTask.Page_Load(Object sender, EventArgs e) 位置 D:\Project\HTC\trunk\OperatingManagement\Web\ucs\ucTask.ascx.cs:行号 22
   在 System.Web.Util.CalliHelper.EventArgFunctionCaller(IntPtr fp, Object o, Object t, EventArgs e)
   在 System.Web.Util.CalliEventHandlerDelegateProxy.Callback(Object sender, EventArgs e)
   在 System.Web.UI.Control.OnLoad(EventArgs e)
   在 System.Web.UI.Control.LoadRecursive()
   在 System.Web.UI.Control.LoadRecursive()
   在 System.Web.UI.Control.LoadRecursive()
   在 System.Web.UI.Control.LoadRecursive()
   在 System.Web.UI.Control.LoadRecursive()
   在 System.Web.UI.Page.ProcessRequestMain(Boolean includeStagesBeforeAsyncPoint, Boolean includeStagesAfterAsyncPoint)
   在 System.Web.UI.Page.HandleError(Exception e)
   在 System.Web.UI.Page.ProcessRequestMain(Boolean includeStagesBeforeAsyncPoint, Boolean includeStagesAfterAsyncPoint)
   在 System.Web.UI.Page.ProcessRequest(Boolean includeStagesBeforeAsyncPoint, Boolean includeStagesAfterAsyncPoint)
   在 System.Web.UI.Page.ProcessRequest()
   在 System.Web.UI.Page.ProcessRequestWithNoAssert(HttpContext context)
   在 System.Web.UI.Page.ProcessRequest(HttpContext context)
   在 ASP.views_planmanage_yjjhedit_aspx.ProcessRequest(HttpContext context) 位置 c:\Windows\Microsoft.NET\Framework\v4.0.30319\Temporary ASP.NET Files\root\3f1d351a\50383193\App_Web_ulxeiiml.6.cs:行号 0
   在 System.Web.HttpApplication.CallHandlerExecutionStep.System.Web.HttpApplication.IExecutionStep.Execute()
   在 System.Web.HttpApplication.ExecuteStep(IExecutionStep step, Boolean& completedSynchronously)

=================>
2012-07-01 13:43:24,012 @ [OperatingManagement.Framework.Core.AspNetException]:
System.Web.HttpUnhandledException (0x80004005): 引发类型为“System.Web.HttpUnhandledException”的异常。 ---> System.Web.HttpException (0x80004005): DataBinding:“OperatingManagement.DataAccessLayer.BusinessManage.Task”不包含名为“TaskCode”的属性。
   在 System.Web.UI.DataBinder.GetPropertyValue(Object container, String propName)
   在 System.Web.UI.DataBinder.GetPropertyValue(Object container, String propName, String format)
   在 System.Web.UI.WebControls.ListControl.PerformDataBinding(IEnumerable dataSource)
   在 System.Web.UI.WebControls.ListControl.OnDataBinding(EventArgs e)
   在 System.Web.UI.WebControls.ListControl.PerformSelect()
   在 System.Web.UI.WebControls.BaseDataBoundControl.DataBind()
   在 OperatingManagement.Web.ucs.ucTask.Page_Load(Object sender, EventArgs e) 位置 D:\Project\HTC\trunk\OperatingManagement\Web\ucs\ucTask.ascx.cs:行号 25
   在 System.Web.Util.CalliHelper.EventArgFunctionCaller(IntPtr fp, Object o, Object t, EventArgs e)
   在 System.Web.Util.CalliEventHandlerDelegateProxy.Callback(Object sender, EventArgs e)
   在 System.Web.UI.Control.OnLoad(EventArgs e)
   在 System.Web.UI.Control.LoadRecursive()
   在 System.Web.UI.Control.LoadRecursive()
   在 System.Web.UI.Control.LoadRecursive()
   在 System.Web.UI.Control.LoadRecursive()
   在 System.Web.UI.Control.LoadRecursive()
   在 System.Web.UI.Page.ProcessRequestMain(Boolean includeStagesBeforeAsyncPoint, Boolean includeStagesAfterAsyncPoint)
   在 System.Web.UI.Page.HandleError(Exception e)
   在 System.Web.UI.Page.ProcessRequestMain(Boolean includeStagesBeforeAsyncPoint, Boolean includeStagesAfterAsyncPoint)
   在 System.Web.UI.Page.ProcessRequest(Boolean includeStagesBeforeAsyncPoint, Boolean includeStagesAfterAsyncPoint)
   在 System.Web.UI.Page.ProcessRequest()
   在 System.Web.UI.Page.ProcessRequestWithNoAssert(HttpContext context)
   在 System.Web.UI.Page.ProcessRequest(HttpContext context)
   在 ASP.views_planmanage_yjjhedit_aspx.ProcessRequest(HttpContext context) 位置 c:\Windows\Microsoft.NET\Framework\v4.0.30319\Temporary ASP.NET Files\root\3f1d351a\50383193\App_Web_ulxeiiml.6.cs:行号 0
   在 System.Web.HttpApplication.CallHandlerExecutionStep.System.Web.HttpApplication.IExecutionStep.Execute()
   在 System.Web.HttpApplication.ExecuteStep(IExecutionStep step, Boolean& completedSynchronously)
OperatingManagement.Framework.Core.AspNetException: System.Web.HttpUnhandledException (0x80004005): 引发类型为“System.Web.HttpUnhandledException”的异常。 ---> System.Web.HttpException (0x80004005): DataBinding:“OperatingManagement.DataAccessLayer.BusinessManage.Task”不包含名为“TaskCode”的属性。
   在 System.Web.UI.DataBinder.GetPropertyValue(Object container, String propName)
   在 System.Web.UI.DataBinder.GetPropertyValue(Object container, String propName, String format)
   在 System.Web.UI.WebControls.ListControl.PerformDataBinding(IEnumerable dataSource)
   在 System.Web.UI.WebControls.ListControl.OnDataBinding(EventArgs e)
   在 System.Web.UI.WebControls.ListControl.PerformSelect()
   在 System.Web.UI.WebControls.BaseDataBoundControl.DataBind()
   在 OperatingManagement.Web.ucs.ucTask.Page_Load(Object sender, EventArgs e) 位置 D:\Project\HTC\trunk\OperatingManagement\Web\ucs\ucTask.ascx.cs:行号 25
   在 System.Web.Util.CalliHelper.EventArgFunctionCaller(IntPtr fp, Object o, Object t, EventArgs e)
   在 System.Web.Util.CalliEventHandlerDelegateProxy.Callback(Object sender, EventArgs e)
   在 System.Web.UI.Control.OnLoad(EventArgs e)
   在 System.Web.UI.Control.LoadRecursive()
   在 System.Web.UI.Control.LoadRecursive()
   在 System.Web.UI.Control.LoadRecursive()
   在 System.Web.UI.Control.LoadRecursive()
   在 System.Web.UI.Control.LoadRecursive()
   在 System.Web.UI.Page.ProcessRequestMain(Boolean includeStagesBeforeAsyncPoint, Boolean includeStagesAfterAsyncPoint)
   在 System.Web.UI.Page.HandleError(Exception e)
   在 System.Web.UI.Page.ProcessRequestMain(Boolean includeStagesBeforeAsyncPoint, Boolean includeStagesAfterAsyncPoint)
   在 System.Web.UI.Page.ProcessRequest(Boolean includeStagesBeforeAsyncPoint, Boolean includeStagesAfterAsyncPoint)
   在 System.Web.UI.Page.ProcessRequest()
   在 System.Web.UI.Page.ProcessRequestWithNoAssert(HttpContext context)
   在 System.Web.UI.Page.ProcessRequest(HttpContext context)
   在 ASP.views_planmanage_yjjhedit_aspx.ProcessRequest(HttpContext context) 位置 c:\Windows\Microsoft.NET\Framework\v4.0.30319\Temporary ASP.NET Files\root\3f1d351a\50383193\App_Web_ulxeiiml.6.cs:行号 0
   在 System.Web.HttpApplication.CallHandlerExecutionStep.System.Web.HttpApplication.IExecutionStep.Execute()
   在 System.Web.HttpApplication.ExecuteStep(IExecutionStep step, Boolean& completedSynchronously)

=================>
2012-07-01 22:04:03,861 @ [OperatingManagement.Framework.Core.AspNetException]:
System.Web.HttpUnhandledException (0x80004005): 引发类型为“System.Web.HttpUnhandledException”的异常。 ---> System.FormatException: 该字符串未被识别为有效的 DateTime。
   在 System.DateTimeParse.Parse(String s, DateTimeFormatInfo dtfi, DateTimeStyles styles)
   在 System.Convert.ToDateTime(String value)
   在 OperatingManagement.Web.Views.PlanManage.PlanList.BindGridView(Boolean fromSearch) 位置 D:\Project\HTC\trunk\OperatingManagement\Web\Views\PlanManage\PlanList.aspx.cs:行号 123
   在 OperatingManagement.Web.Views.PlanManage.PlanList.cpPager_PostBackPage(Object sender, EventArgs e) 位置 D:\Project\HTC\trunk\OperatingManagement\Web\Views\PlanManage\PlanList.aspx.cs:行号 161
   在 OperatingManagement.WebKernel.Controls.CollectionPager.RaisePostBackEvent(String eventArgument) 位置 D:\Project\HTC\trunk\OperatingManagement\WebKernel\Controls\CollectionPager.cs:行号 1842
   在 System.Web.UI.Page.RaisePostBackEvent(IPostBackEventHandler sourceControl, String eventArgument)
   在 System.Web.UI.Page.RaisePostBackEvent(NameValueCollection postData)
   在 System.Web.UI.Page.ProcessRequestMain(Boolean includeStagesBeforeAsyncPoint, Boolean includeStagesAfterAsyncPoint)
   在 System.Web.UI.Page.HandleError(Exception e)
   在 System.Web.UI.Page.ProcessRequestMain(Boolean includeStagesBeforeAsyncPoint, Boolean includeStagesAfterAsyncPoint)
   在 System.Web.UI.Page.ProcessRequest(Boolean includeStagesBeforeAsyncPoint, Boolean includeStagesAfterAsyncPoint)
   在 System.Web.UI.Page.ProcessRequest()
   在 System.Web.UI.Page.ProcessRequestWithNoAssert(HttpContext context)
   在 System.Web.UI.Page.ProcessRequest(HttpContext context)
   在 ASP.views_planmanage_planlist_aspx.ProcessRequest(HttpContext context) 位置 c:\Windows\Microsoft.NET\Framework\v4.0.30319\Temporary ASP.NET Files\root\3f1d351a\50383193\App_Web_planlist.aspx.484a0ba8.cj0dff7z.0.cs:行号 0
   在 System.Web.HttpApplication.CallHandlerExecutionStep.System.Web.HttpApplication.IExecutionStep.Execute()
   在 System.Web.HttpApplication.ExecuteStep(IExecutionStep step, Boolean& completedSynchronously)
OperatingManagement.Framework.Core.AspNetException: System.Web.HttpUnhandledException (0x80004005): 引发类型为“System.Web.HttpUnhandledException”的异常。 ---> System.FormatException: 该字符串未被识别为有效的 DateTime。
   在 System.DateTimeParse.Parse(String s, DateTimeFormatInfo dtfi, DateTimeStyles styles)
   在 System.Convert.ToDateTime(String value)
   在 OperatingManagement.Web.Views.PlanManage.PlanList.BindGridView(Boolean fromSearch) 位置 D:\Project\HTC\trunk\OperatingManagement\Web\Views\PlanManage\PlanList.aspx.cs:行号 123
   在 OperatingManagement.Web.Views.PlanManage.PlanList.cpPager_PostBackPage(Object sender, EventArgs e) 位置 D:\Project\HTC\trunk\OperatingManagement\Web\Views\PlanManage\PlanList.aspx.cs:行号 161
   在 OperatingManagement.WebKernel.Controls.CollectionPager.RaisePostBackEvent(String eventArgument) 位置 D:\Project\HTC\trunk\OperatingManagement\WebKernel\Controls\CollectionPager.cs:行号 1842
   在 System.Web.UI.Page.RaisePostBackEvent(IPostBackEventHandler sourceControl, String eventArgument)
   在 System.Web.UI.Page.RaisePostBackEvent(NameValueCollection postData)
   在 System.Web.UI.Page.ProcessRequestMain(Boolean includeStagesBeforeAsyncPoint, Boolean includeStagesAfterAsyncPoint)
   在 System.Web.UI.Page.HandleError(Exception e)
   在 System.Web.UI.Page.ProcessRequestMain(Boolean includeStagesBeforeAsyncPoint, Boolean includeStagesAfterAsyncPoint)
   在 System.Web.UI.Page.ProcessRequest(Boolean includeStagesBeforeAsyncPoint, Boolean includeStagesAfterAsyncPoint)
   在 System.Web.UI.Page.ProcessRequest()
   在 System.Web.UI.Page.ProcessRequestWithNoAssert(HttpContext context)
   在 System.Web.UI.Page.ProcessRequest(HttpContext context)
   在 ASP.views_planmanage_planlist_aspx.ProcessRequest(HttpContext context) 位置 c:\Windows\Microsoft.NET\Framework\v4.0.30319\Temporary ASP.NET Files\root\3f1d351a\50383193\App_Web_planlist.aspx.484a0ba8.cj0dff7z.0.cs:行号 0
   在 System.Web.HttpApplication.CallHandlerExecutionStep.System.Web.HttpApplication.IExecutionStep.Execute()
   在 System.Web.HttpApplication.ExecuteStep(IExecutionStep step, Boolean& completedSynchronously)

=================>
2012-07-01 22:05:29,825 @ [OperatingManagement.Framework.Core.AspNetException]:
System.Web.HttpUnhandledException (0x80004005): 引发类型为“System.Web.HttpUnhandledException”的异常。 ---> System.FormatException: 该字符串未被识别为有效的 DateTime。
   在 System.DateTimeParse.Parse(String s, DateTimeFormatInfo dtfi, DateTimeStyles styles)
   在 System.Convert.ToDateTime(String value)
   在 OperatingManagement.Web.Views.PlanManage.PlanList.BindGridView(Boolean fromSearch) 位置 D:\Project\HTC\trunk\OperatingManagement\Web\Views\PlanManage\PlanList.aspx.cs:行号 123
   在 OperatingManagement.Web.Views.PlanManage.PlanList.cpPager_PostBackPage(Object sender, EventArgs e) 位置 D:\Project\HTC\trunk\OperatingManagement\Web\Views\PlanManage\PlanList.aspx.cs:行号 161
   在 OperatingManagement.WebKernel.Controls.CollectionPager.RaisePostBackEvent(String eventArgument) 位置 D:\Project\HTC\trunk\OperatingManagement\WebKernel\Controls\CollectionPager.cs:行号 1842
   在 System.Web.UI.Page.RaisePostBackEvent(IPostBackEventHandler sourceControl, String eventArgument)
   在 System.Web.UI.Page.RaisePostBackEvent(NameValueCollection postData)
   在 System.Web.UI.Page.ProcessRequestMain(Boolean includeStagesBeforeAsyncPoint, Boolean includeStagesAfterAsyncPoint)
   在 System.Web.UI.Page.HandleError(Exception e)
   在 System.Web.UI.Page.ProcessRequestMain(Boolean includeStagesBeforeAsyncPoint, Boolean includeStagesAfterAsyncPoint)
   在 System.Web.UI.Page.ProcessRequest(Boolean includeStagesBeforeAsyncPoint, Boolean includeStagesAfterAsyncPoint)
   在 System.Web.UI.Page.ProcessRequest()
   在 System.Web.UI.Page.ProcessRequestWithNoAssert(HttpContext context)
   在 System.Web.UI.Page.ProcessRequest(HttpContext context)
   在 ASP.views_planmanage_planlist_aspx.ProcessRequest(HttpContext context) 位置 c:\Windows\Microsoft.NET\Framework\v4.0.30319\Temporary ASP.NET Files\root\3f1d351a\50383193\App_Web_planlist.aspx.484a0ba8.cj0dff7z.0.cs:行号 0
   在 System.Web.HttpApplication.CallHandlerExecutionStep.System.Web.HttpApplication.IExecutionStep.Execute()
   在 System.Web.HttpApplication.ExecuteStep(IExecutionStep step, Boolean& completedSynchronously)
OperatingManagement.Framework.Core.AspNetException: System.Web.HttpUnhandledException (0x80004005): 引发类型为“System.Web.HttpUnhandledException”的异常。 ---> System.FormatException: 该字符串未被识别为有效的 DateTime。
   在 System.DateTimeParse.Parse(String s, DateTimeFormatInfo dtfi, DateTimeStyles styles)
   在 System.Convert.ToDateTime(String value)
   在 OperatingManagement.Web.Views.PlanManage.PlanList.BindGridView(Boolean fromSearch) 位置 D:\Project\HTC\trunk\OperatingManagement\Web\Views\PlanManage\PlanList.aspx.cs:行号 123
   在 OperatingManagement.Web.Views.PlanManage.PlanList.cpPager_PostBackPage(Object sender, EventArgs e) 位置 D:\Project\HTC\trunk\OperatingManagement\Web\Views\PlanManage\PlanList.aspx.cs:行号 161
   在 OperatingManagement.WebKernel.Controls.CollectionPager.RaisePostBackEvent(String eventArgument) 位置 D:\Project\HTC\trunk\OperatingManagement\WebKernel\Controls\CollectionPager.cs:行号 1842
   在 System.Web.UI.Page.RaisePostBackEvent(IPostBackEventHandler sourceControl, String eventArgument)
   在 System.Web.UI.Page.RaisePostBackEvent(NameValueCollection postData)
   在 System.Web.UI.Page.ProcessRequestMain(Boolean includeStagesBeforeAsyncPoint, Boolean includeStagesAfterAsyncPoint)
   在 System.Web.UI.Page.HandleError(Exception e)
   在 System.Web.UI.Page.ProcessRequestMain(Boolean includeStagesBeforeAsyncPoint, Boolean includeStagesAfterAsyncPoint)
   在 System.Web.UI.Page.ProcessRequest(Boolean includeStagesBeforeAsyncPoint, Boolean includeStagesAfterAsyncPoint)
   在 System.Web.UI.Page.ProcessRequest()
   在 System.Web.UI.Page.ProcessRequestWithNoAssert(HttpContext context)
   在 System.Web.UI.Page.ProcessRequest(HttpContext context)
   在 ASP.views_planmanage_planlist_aspx.ProcessRequest(HttpContext context) 位置 c:\Windows\Microsoft.NET\Framework\v4.0.30319\Temporary ASP.NET Files\root\3f1d351a\50383193\App_Web_planlist.aspx.484a0ba8.cj0dff7z.0.cs:行号 0
   在 System.Web.HttpApplication.CallHandlerExecutionStep.System.Web.HttpApplication.IExecutionStep.Execute()
   在 System.Web.HttpApplication.ExecuteStep(IExecutionStep step, Boolean& completedSynchronously)
