
=================>
2012-07-08 01:20:50,485 @ [OperatingManagement.Framework.Core.AspNetException]:
System.Web.HttpUnhandledException (0x80004005): 引发类型为“System.Web.HttpUnhandledException”的异常。 ---> OperatingManagement.Framework.Core.AspNetException: 查询文件接收记录-初始化页面出现异常 ---> Oracle.DataAccess.Client.OracleException: ORA-06550: 第 1 行, 第 7 列: 
PLS-00201: 必须声明标识符 'UP_FRCVINFO_SELECTALL'
ORA-06550: 第 1 行, 第 7 列: 
PL/SQL: Statement ignored
   在 Oracle.DataAccess.Client.OracleException.HandleErrorHelper(Int32 errCode, OracleConnection conn, IntPtr opsErrCtx, OpoSqlValCtx* pOpoSqlValCtx, Object src, String procedure)
   在 Oracle.DataAccess.Client.OracleException.HandleError(Int32 errCode, OracleConnection conn, String procedure, IntPtr opsErrCtx, OpoSqlValCtx* pOpoSqlValCtx, Object src)
   在 Oracle.DataAccess.Client.OracleCommand.ExecuteReader(Boolean requery, Boolean fillRequest, CommandBehavior behavior)
   在 Oracle.DataAccess.Client.OracleDataAdapter.Fill(DataSet dataSet, Int32 startRecord, Int32 maxRecords, String srcTable, IDbCommand command, CommandBehavior behavior)
   在 System.Data.Common.DbDataAdapter.Fill(DataSet dataSet)
   在 OperatingManagement.Framework.OracleDatabase.SpExecuteDataSet(String spName, OracleParameter[] parameters) 位置 D:\Project\HTC\trunk\OperatingManagement\Framework\Oracle\OracleDatabase.cs:行号 120
   在 OperatingManagement.DataAccessLayer.BusinessManage.FileReceiveInfo.SelectAll() 位置 D:\Project\HTC\trunk\OperatingManagement\DataAccessLayer\BusinessManage\FileReceiveInfo.cs:行号 251
   在 OperatingManagement.Web.Views.BusinessManage.GetFileRcvInfos.InitialPageData() 位置 D:\Project\HTC\trunk\OperatingManagement\Web\Views\BusinessManage\GetFileRcvInfos.aspx.cs:行号 124
   --- 内部异常堆栈跟踪的结尾 ---
   在 OperatingManagement.Web.Views.BusinessManage.GetFileRcvInfos.InitialPageData() 位置 D:\Project\HTC\trunk\OperatingManagement\Web\Views\BusinessManage\GetFileRcvInfos.aspx.cs:行号 129
   在 OperatingManagement.Web.Views.BusinessManage.GetFileRcvInfos.Page_Load(Object sender, EventArgs e) 位置 D:\Project\HTC\trunk\OperatingManagement\Web\Views\BusinessManage\GetFileRcvInfos.aspx.cs:行号 29
   在 System.Web.Util.CalliHelper.EventArgFunctionCaller(IntPtr fp, Object o, Object t, EventArgs e)
   在 System.Web.Util.CalliEventHandlerDelegateProxy.Callback(Object sender, EventArgs e)
   在 System.Web.UI.Control.OnLoad(EventArgs e)
   在 System.Web.UI.Control.LoadRecursive()
   在 System.Web.UI.Page.ProcessRequestMain(Boolean includeStagesBeforeAsyncPoint, Boolean includeStagesAfterAsyncPoint)   在 OperatingManagement.Web.Views.BusinessManage.GetFileRcvInfos.InitialPageData() 位置 D:\Project\HTC\trunk\OperatingManagement\Web\Views\BusinessManage\GetFileRcvInfos.aspx.cs:行号 129
   在 OperatingManagement.Web.Views.BusinessManage.GetFileRcvInfos.Page_Load(Object sender, EventArgs e) 位置 D:\Project\HTC\trunk\OperatingManagement\Web\Views\BusinessManage\GetFileRcvInfos.aspx.cs:行号 29
   在 System.Web.Util.CalliHelper.EventArgFunctionCaller(IntPtr fp, Object o, Object t, EventArgs e)
   在 System.Web.Util.CalliEventHandlerDelegateProxy.Callback(Object sender, EventArgs e)
   在 System.Web.UI.Control.OnLoad(EventArgs e)
   在 System.Web.UI.Control.LoadRecursive()
   在 System.Web.UI.Page.ProcessRequestMain(Boolean includeStagesBeforeAsyncPoint, Boolean includeStagesAfterAsyncPoint)
   在 System.Web.UI.Page.HandleError(Exception e)
   在 System.Web.UI.Page.ProcessRequestMain(Boolean includeStagesBeforeAsyncPoint, Boolean includeStagesAfterAsyncPoint)
   在 System.Web.UI.Page.ProcessRequest(Boolean includeStagesBeforeAsyncPoint, Boolean includeStagesAfterAsyncPoint)
   在 System.Web.UI.Page.ProcessRequest()
   在 System.Web.UI.Page.ProcessRequestWithNoAssert(HttpContext context)
   在 System.Web.UI.Page.ProcessRequest(HttpContext context)
   在 ASP.views_businessmanage_getfilercvinfos_aspx.ProcessRequest(HttpContext context) 位置 c:\WINDOWS\Microsoft.NET\Framework\v4.0.30319\Temporary ASP.NET Files\root\3f1d351a\50383193\App_Web_getfilercvinfos.aspx.8321b997.0mrrlujc.0.cs:行号 0
   在 System.Web.HttpApplication.CallHandlerExecutionStep.System.Web.HttpApplication.IExecutionStep.Execute()
   在 System.Web.HttpApplication.ExecuteStep(IExecutionStep step, Boolean& completedSynchronously)
OperatingManagement.Framework.Core.AspNetException: System.Web.HttpUnhandledException (0x80004005): 引发类型为“System.Web.HttpUnhandledException”的异常。 ---> OperatingManagement.Framework.Core.AspNetException: 查询文件接收记录-初始化页面出现异常 ---> Oracle.DataAccess.Client.OracleException: ORA-06550: 第 1 行, 第 7 列: 
PLS-00201: 必须声明标识符 'UP_FRCVINFO_SELECTALL'
ORA-06550: 第 1 行, 第 7 列: 
PL/SQL: Statement ignored
   在 Oracle.DataAccess.Client.OracleException.HandleErrorHelper(Int32 errCode, OracleConnection conn, IntPtr opsErrCtx, OpoSqlValCtx* pOpoSqlValCtx, Object src, String procedure)
   在 Oracle.DataAccess.Client.OracleException.HandleError(Int32 errCode, OracleConnection conn, String procedure, IntPtr opsErrCtx, OpoSqlValCtx* pOpoSqlValCtx, Object src)
   在 Oracle.DataAccess.Client.OracleCommand.ExecuteReader(Boolean requery, Boolean fillRequest, CommandBehavior behavior)
   在 Oracle.DataAccess.Client.OracleDataAdapter.Fill(DataSet dataSet, Int32 startRecord, Int32 maxRecords, String srcTable, IDbCommand command, CommandBehavior behavior)
   在 System.Data.Common.DbDataAdapter.Fill(DataSet dataSet)
   在 OperatingManagement.Framework.OracleDatabase.SpExecuteDataSet(String spName, OracleParameter[] parameters) 位置 D:\Project\HTC\trunk\OperatingManagement\Framework\Oracle\OracleDatabase.cs:行号 120
   在 OperatingManagement.DataAccessLayer.BusinessManage.FileReceiveInfo.SelectAll() 位置 D:\Project\HTC\trunk\OperatingManagement\DataAccessLayer\BusinessManage\FileReceiveInfo.cs:行号 251
   在 OperatingManagement.Web.Views.BusinessManage.GetFileRcvInfos.InitialPageData() 位置 D:\Project\HTC\trunk\OperatingManagement\Web\Views\BusinessManage\GetFileRcvInfos.aspx.cs:行号 124
   --- 内部异常堆栈跟踪的结尾 ---
   在 OperatingManagement.Web.Views.BusinessManage.GetFileRcvInfos.InitialPageData() 位置 D:\Project\HTC\trunk\OperatingManagement\Web\Views\BusinessManage\GetFileRcvInfos.aspx.cs:行号 129
   在 OperatingManagement.Web.Views.BusinessManage.GetFileRcvInfos.Page_Load(Object sender, EventArgs e) 位置 D:\Project\HTC\trunk\OperatingManagement\Web\Views\BusinessManage\GetFileRcvInfos.aspx.cs:行号 29
   在 System.Web.Util.CalliHelper.EventArgFunctionCaller(IntPtr fp, Object o, Object t, EventArgs e)
   在 System.Web.Util.CalliEventHandlerDelegateProxy.Callback(Object sender, EventArgs e)
   在 System.Web.UI.Control.OnLoad(EventArgs e)
   在 System.Web.UI.Control.LoadRecursive()
   在 System.Web.UI.Page.ProcessRequestMain(Boolean includeStagesBeforeAsyncPoint, Boolean includeStagesAfterAsyncPoint)   在 OperatingManagement.Web.Views.BusinessManage.GetFileRcvInfos.InitialPageData() 位置 D:\Project\HTC\trunk\OperatingManagement\Web\Views\BusinessManage\GetFileRcvInfos.aspx.cs:行号 129
   在 OperatingManagement.Web.Views.BusinessManage.GetFileRcvInfos.Page_Load(Object sender, EventArgs e) 位置 D:\Project\HTC\trunk\OperatingManagement\Web\Views\BusinessManage\GetFileRcvInfos.aspx.cs:行号 29
   在 System.Web.Util.CalliHelper.EventArgFunctionCaller(IntPtr fp, Object o, Object t, EventArgs e)
   在 System.Web.Util.CalliEventHandlerDelegateProxy.Callback(Object sender, EventArgs e)
   在 System.Web.UI.Control.OnLoad(EventArgs e)
   在 System.Web.UI.Control.LoadRecursive()
   在 System.Web.UI.Page.ProcessRequestMain(Boolean includeStagesBeforeAsyncPoint, Boolean includeStagesAfterAsyncPoint)
   在 System.Web.UI.Page.HandleError(Exception e)
   在 System.Web.UI.Page.ProcessRequestMain(Boolean includeStagesBeforeAsyncPoint, Boolean includeStagesAfterAsyncPoint)
   在 System.Web.UI.Page.ProcessRequest(Boolean includeStagesBeforeAsyncPoint, Boolean includeStagesAfterAsyncPoint)
   在 System.Web.UI.Page.ProcessRequest()
   在 System.Web.UI.Page.ProcessRequestWithNoAssert(HttpContext context)
   在 System.Web.UI.Page.ProcessRequest(HttpContext context)
   在 ASP.views_businessmanage_getfilercvinfos_aspx.ProcessRequest(HttpContext context) 位置 c:\WINDOWS\Microsoft.NET\Framework\v4.0.30319\Temporary ASP.NET Files\root\3f1d351a\50383193\App_Web_getfilercvinfos.aspx.8321b997.0mrrlujc.0.cs:行号 0
   在 System.Web.HttpApplication.CallHandlerExecutionStep.System.Web.HttpApplication.IExecutionStep.Execute()
   在 System.Web.HttpApplication.ExecuteStep(IExecutionStep step, Boolean& completedSynchronously)
