
=================>
2012-06-28 23:23:53,077 @ [OperatingManagement.Framework.Core.AspNetException]:
Oracle.DataAccess.Client.OracleException ORA-12154: TNS: 无法解析指定的连接标识符    在 Oracle.DataAccess.Client.OracleException.HandleErrorHelper(Int32 errCode, OracleConnection conn, IntPtr opsErrCtx, OpoSqlValCtx* pOpoSqlValCtx, Object src, String procedure)
   在 Oracle.DataAccess.Client.OracleException.HandleError(Int32 errCode, OracleConnection conn, IntPtr opsErrCtx, Object src)
   在 Oracle.DataAccess.Client.OracleConnection.Open()
   在 OperatingManagement.Framework.OracleDatabase.SpPrepareCommand(OracleConnection connection, String spName, OracleParameter[] parameters) 位置 D:\Project\HTC\trunk\OperatingManagement\Framework\Oracle\OracleDatabase.cs:行号 171
   在 OperatingManagement.Framework.OracleDatabase.SpExecuteDataSet(String spName, OracleParameter[] parameters) 位置 D:\Project\HTC\trunk\OperatingManagement\Framework\Oracle\OracleDatabase.cs:行号 116
   在 OperatingManagement.DataAccessLayer.System.Permission.SelectByLoginName(String loginName) 位置 D:\Project\HTC\trunk\OperatingManagement\DataAccessLayer\System\Permission.cs:行号 97
   在 OperatingManagement.Web.Global.Application_OnPostAuthenticateRequest(Object sender, EventArgs e) 位置 D:\Project\HTC\trunk\OperatingManagement\Web\Global.asax.cs:行号 57
   在 System.Web.HttpApplication.SyncEventExecutionStep.System.Web.HttpApplication.IExecutionStep.Execute()
   在 System.Web.HttpApplication.ExecuteStep(IExecutionStep step, Boolean& completedSynchronously)
OperatingManagement.Framework.Core.AspNetException: Oracle.DataAccess.Client.OracleException ORA-12154: TNS: 无法解析指定的连接标识符    在 Oracle.DataAccess.Client.OracleException.HandleErrorHelper(Int32 errCode, OracleConnection conn, IntPtr opsErrCtx, OpoSqlValCtx* pOpoSqlValCtx, Object src, String procedure)
   在 Oracle.DataAccess.Client.OracleException.HandleError(Int32 errCode, OracleConnection conn, IntPtr opsErrCtx, Object src)
   在 Oracle.DataAccess.Client.OracleConnection.Open()
   在 OperatingManagement.Framework.OracleDatabase.SpPrepareCommand(OracleConnection connection, String spName, OracleParameter[] parameters) 位置 D:\Project\HTC\trunk\OperatingManagement\Framework\Oracle\OracleDatabase.cs:行号 171
   在 OperatingManagement.Framework.OracleDatabase.SpExecuteDataSet(String spName, OracleParameter[] parameters) 位置 D:\Project\HTC\trunk\OperatingManagement\Framework\Oracle\OracleDatabase.cs:行号 116
   在 OperatingManagement.DataAccessLayer.System.Permission.SelectByLoginName(String loginName) 位置 D:\Project\HTC\trunk\OperatingManagement\DataAccessLayer\System\Permission.cs:行号 97
   在 OperatingManagement.Web.Global.Application_OnPostAuthenticateRequest(Object sender, EventArgs e) 位置 D:\Project\HTC\trunk\OperatingManagement\Web\Global.asax.cs:行号 57
   在 System.Web.HttpApplication.SyncEventExecutionStep.System.Web.HttpApplication.IExecutionStep.Execute()
   在 System.Web.HttpApplication.ExecuteStep(IExecutionStep step, Boolean& completedSynchronously)
